C:\Program Files\Microsoft Visual Studio\2022\Community\MSBuild\Microsoft\VC\v170\Microsoft.CppBuild.targets(517,5): warning MSB8004: Output Directory does not end with a trailing slash.  This build instance will add the slash as it is required to allow proper evaluation of the Output Directory.
  p_hud.c
C:\Users\bgale\Documents\Git\Game-Mod-Q2-F23\game\p_hud.c(234,4): warning C4996: 'strcpy': This function or variable may be unsafe. Consider using strcpy_s instead. To disable deprecation, use _CRT_SECURE_NO_WARNINGS. See online help for details.
C:\Users\bgale\Documents\Git\Game-Mod-Q2-F23\game\p_hud.c(245,3): warning C4996: 'strcpy': This function or variable may be unsafe. Consider using strcpy_s instead. To disable deprecation, use _CRT_SECURE_NO_WARNINGS. See online help for details.
C:\Users\bgale\Documents\Git\Game-Mod-Q2-F23\game\p_hud.c(335,5): warning C4996: 'strcat': This function or variable may be unsafe. Consider using strcat_s instead. To disable deprecation, use _CRT_SECURE_NO_WARNINGS. See online help for details.
C:\Users\bgale\Documents\Git\Game-Mod-Q2-F23\game\p_hud.c(341,6): warning C4996: 'strcat': This function or variable may be unsafe. Consider using strcat_s instead. To disable deprecation, use _CRT_SECURE_NO_WARNINGS. See online help for details.
C:\Users\bgale\Documents\Git\Game-Mod-Q2-F23\game\p_hud.c(342,5): warning C4996: 'strcat': This function or variable may be unsafe. Consider using strcat_s instead. To disable deprecation, use _CRT_SECURE_NO_WARNINGS. See online help for details.
C:\Users\bgale\Documents\Git\Game-Mod-Q2-F23\game\p_hud.c(345,6): warning C4996: 'strcat': This function or variable may be unsafe. Consider using strcat_s instead. To disable deprecation, use _CRT_SECURE_NO_WARNINGS. See online help for details.
C:\Users\bgale\Documents\Git\Game-Mod-Q2-F23\game\p_hud.c(350,6): warning C4996: 'strcat': This function or variable may be unsafe. Consider using strcat_s instead. To disable deprecation, use _CRT_SECURE_NO_WARNINGS. See online help for details.
C:\Users\bgale\Documents\Git\Game-Mod-Q2-F23\game\p_hud.c(351,5): warning C4996: 'strcat': This function or variable may be unsafe. Consider using strcat_s instead. To disable deprecation, use _CRT_SECURE_NO_WARNINGS. See online help for details.
C:\Users\bgale\Documents\Git\Game-Mod-Q2-F23\game\p_hud.c(354,6): warning C4996: 'strcat': This function or variable may be unsafe. Consider using strcat_s instead. To disable deprecation, use _CRT_SECURE_NO_WARNINGS. See online help for details.
C:\Users\bgale\Documents\Git\Game-Mod-Q2-F23\game\p_hud.c(359,6): warning C4996: 'strcat': This function or variable may be unsafe. Consider using strcat_s instead. To disable deprecation, use _CRT_SECURE_NO_WARNINGS. See online help for details.
C:\Users\bgale\Documents\Git\Game-Mod-Q2-F23\game\p_hud.c(360,5): warning C4996: 'strcat': This function or variable may be unsafe. Consider using strcat_s instead. To disable deprecation, use _CRT_SECURE_NO_WARNINGS. See online help for details.
C:\Users\bgale\Documents\Git\Game-Mod-Q2-F23\game\p_hud.c(363,6): warning C4996: 'strcat': This function or variable may be unsafe. Consider using strcat_s instead. To disable deprecation, use _CRT_SECURE_NO_WARNINGS. See online help for details.
C:\Users\bgale\Documents\Git\Game-Mod-Q2-F23\game\p_hud.c(369,6): warning C4996: 'strcat': This function or variable may be unsafe. Consider using strcat_s instead. To disable deprecation, use _CRT_SECURE_NO_WARNINGS. See online help for details.
C:\Users\bgale\Documents\Git\Game-Mod-Q2-F23\game\p_hud.c(370,5): warning C4996: 'strcat': This function or variable may be unsafe. Consider using strcat_s instead. To disable deprecation, use _CRT_SECURE_NO_WARNINGS. See online help for details.
C:\Users\bgale\Documents\Git\Game-Mod-Q2-F23\game\p_hud.c(373,6): warning C4996: 'strcat': This function or variable may be unsafe. Consider using strcat_s instead. To disable deprecation, use _CRT_SECURE_NO_WARNINGS. See online help for details.
C:\Users\bgale\Documents\Git\Game-Mod-Q2-F23\game\p_hud.c(377,4): warning C4996: 'strcat': This function or variable may be unsafe. Consider using strcat_s instead. To disable deprecation, use _CRT_SECURE_NO_WARNINGS. See online help for details.
C:\Users\bgale\Documents\Git\Game-Mod-Q2-F23\game\p_hud.c(324,2): warning C4996: 'sprintf': This function or variable may be unsafe. Consider using sprintf_s instead. To disable deprecation, use _CRT_SECURE_NO_WARNINGS. See online help for details.
C:\Users\bgale\Documents\Git\Game-Mod-Q2-F23\game\p_hud.c(329,3): warning C4996: 'sprintf': This function or variable may be unsafe. Consider using sprintf_s instead. To disable deprecation, use _CRT_SECURE_NO_WARNINGS. See online help for details.
C:\Users\bgale\Documents\Git\Game-Mod-Q2-F23\game\p_hud.c(380,3): warning C4996: 'sprintf': This function or variable may be unsafe. Consider using sprintf_s instead. To disable deprecation, use _CRT_SECURE_NO_WARNINGS. See online help for details.
C:\Users\bgale\Documents\Git\Game-Mod-Q2-F23\game\p_hud.c(388,3): warning C4996: 'sprintf': This function or variable may be unsafe. Consider using sprintf_s instead. To disable deprecation, use _CRT_SECURE_NO_WARNINGS. See online help for details.
C:\Users\bgale\Documents\Git\Game-Mod-Q2-F23\game\p_hud.c(389,3): warning C4996: 'sprintf': This function or variable may be unsafe. Consider using sprintf_s instead. To disable deprecation, use _CRT_SECURE_NO_WARNINGS. See online help for details.
C:\Users\bgale\Documents\Git\Game-Mod-Q2-F23\game\p_hud.c(442,3): warning C4996: 'sprintf': This function or variable may be unsafe. Consider using sprintf_s instead. To disable deprecation, use _CRT_SECURE_NO_WARNINGS. See online help for details.
C:\Users\bgale\Documents\Git\Game-Mod-Q2-F23\game\p_hud.c(443,3): warning C4996: 'sprintf': This function or variable may be unsafe. Consider using sprintf_s instead. To disable deprecation, use _CRT_SECURE_NO_WARNINGS. See online help for details.
C:\Users\bgale\Documents\Git\Game-Mod-Q2-F23\game\p_hud.c(447,3): warning C4996: 'sprintf': This function or variable may be unsafe. Consider using sprintf_s instead. To disable deprecation, use _CRT_SECURE_NO_WARNINGS. See online help for details.
C:\Users\bgale\Documents\Git\Game-Mod-Q2-F23\game\p_hud.c(448,3): warning C4996: 'sprintf': This function or variable may be unsafe. Consider using sprintf_s instead. To disable deprecation, use _CRT_SECURE_NO_WARNINGS. See online help for details.
C:\Users\bgale\Documents\Git\Game-Mod-Q2-F23\game\p_hud.c(588): warning C4701: potentially uninitialized local variable 'cells' used
     Creating library .\..\release\gamex86.lib and object .\..\release\gamex86.exp
  game.vcxproj -> C:\Users\bgale\Documents\Git\Game-Mod-Q2-F23\release\gamex86.dll
